[
  {
    "objectID": "testing.html",
    "href": "testing.html",
    "title": "Functions",
    "section": "",
    "text": "source\n\ndivide\n\n divide (x, y)\n\nThis is divide function\n\nsource\n\n\nmultiply\n\n multiply (x, y)\n\nThis is multiply function\n\nsource\n\n\nsubtract\n\n subtract (x, y)\n\nThis is subtract function\n\nsource\n\n\nadd\n\n add (x, y)\n\nThis is add function"
  },
  {
    "objectID": "index.html",
    "href": "index.html",
    "title": "nbdev-hello-world",
    "section": "",
    "text": "pip install nbdev_hello_world"
  },
  {
    "objectID": "index.html#how-to-use",
    "href": "index.html#how-to-use",
    "title": "nbdev-hello-world",
    "section": "How to use",
    "text": "How to use\nThis file contains all the testcases of Functions written in testing.ipynb ."
  },
  {
    "objectID": "index.html#testcases",
    "href": "index.html#testcases",
    "title": "nbdev-hello-world",
    "section": "TestCases",
    "text": "TestCases\n\nclass TestName(unittest.TestCase):\n    def test_add(self):\n        self.assertEqual(add(1,3),4)\n        \n    def test_subtract(self):\n        self.assertEqual(subtract(1,3),-2)\n        \n    def test_multiply(self):\n        self.assertEqual(multiply(1,3),3)\n        \n    def test_divide(self):\n        self.assertEqual(divide(1,3),0.33)\n\n\n\ntest_add (__main__.TestName) ... ok\ntest_divide (__main__.TestName) ... ok\ntest_multiply (__main__.TestName) ... ok\ntest_subtract (__main__.TestName) ... ok\n\n----------------------------------------------------------------------\nRan 4 tests in 0.010s\n\nOK\n\n\n\nTesting using Fastcore\n\nclass TestName(unittest.TestCase):\n    def test_add(self):\n        assert add(1,3)== 4\n        \n    def test_subtract(self):\n        assert subtract(1,3)== 4\n        \n    def test_multiply(self):\n        test_eq(multiply(1,3), 3)\n        \n    def test_divide(self):\n        test_eq(divide(1,3), 0.33)\n\n\n\ntest_add (__main__.TestName) ... ok\ntest_divide (__main__.TestName) ... ok\ntest_multiply (__main__.TestName) ... ok\ntest_subtract (__main__.TestName) ... FAIL\n\n======================================================================\nFAIL: test_subtract (__main__.TestName)\n----------------------------------------------------------------------\nTraceback (most recent call last):\n  File \"C:\\Users\\5115\\AppData\\Local\\Temp\\ipykernel_20628\\4123861692.py\", line 7, in test_subtract\n    assert subtract(1,3)== 4\nAssertionError: assert -2 == 4\n +  where -2 = subtract(1, 3)\n\n----------------------------------------------------------------------\nRan 4 tests in 0.009s\n\nFAILED (failures=1)\n\n\n\n\nOther tests from Fastcore\n\nclass TestName(unittest.TestCase):\n    \n    def test_fail_pass(self):\n        test_fail(divide(1,0))\n        \n    def test_fail_fail(self):\n        test_fail(divide(1,3))\n        \n    def test_equality_pass(self):\n        test(add(1,3),add(2,2), operator.eq)\n        \n    def test_equality_fail(self):\n        test(add(1,3),add(3,2), operator.eq)\n        \n    def test_fail_lambda_fail(self):\n        test_fail(lambda: test(add(1,3),add(2,2), operator.eq))\n        \n    def test_dtype_pass(self):\n        test_eq_type(1,1) \n        \n    def test_dtype_fail(self):\n        test_eq_type(1,1.0)\n        \n    def test_same_pass(self):\n        test_is(subtract(1,3),subtract(3,5))\n        \n    def test_same_fail(self):\n        test_is(subtract(1,3),subtract(3,7))\n        \n    def test_equality_fail(self):\n        test(add(1,3),add(3,2), operator.eq)\n\n\n\ntest_dtype_fail (__main__.TestName) ... FAIL\ntest_dtype_pass (__main__.TestName) ... ok\ntest_equality_fail (__main__.TestName) ... FAIL\ntest_equality_pass (__main__.TestName) ... ok\ntest_fail_fail (__main__.TestName) ... ok\ntest_fail_lambda_fail (__main__.TestName) ... FAIL\ntest_fail_pass (__main__.TestName) ... ERROR\ntest_same_fail (__main__.TestName) ... FAIL\ntest_same_pass (__main__.TestName) ... ok\n\n======================================================================\nERROR: test_fail_pass (__main__.TestName)\n----------------------------------------------------------------------\nTraceback (most recent call last):\n  File \"C:\\Users\\5115\\AppData\\Local\\Temp\\ipykernel_20628\\52876440.py\", line 5, in test_fail_pass\n    test_fail(divide(1,0))\n  File \"c:\\pankaj\\nbdev\\nbdev-hello-world\\nbdev_hello_world\\Functions.py\", line 22, in divide\n    raise ValueError(\"Cannot divide by 0\")\nValueError: Cannot divide by 0\n\n======================================================================\nFAIL: test_dtype_fail (__main__.TestName)\n----------------------------------------------------------------------\nTraceback (most recent call last):\n  File \"C:\\Users\\5115\\AppData\\Local\\Temp\\ipykernel_20628\\52876440.py\", line 23, in test_dtype_fail\n    test_eq_type(1,1.0)\n  File \"C:\\Users\\5115\\AppData\\Local\\miniconda3\\envs\\test_env\\lib\\site-packages\\fastcore\\test.py\", line 43, in test_eq_type\n    test_eq(type(a),type(b))\n  File \"C:\\Users\\5115\\AppData\\Local\\miniconda3\\envs\\test_env\\lib\\site-packages\\fastcore\\test.py\", line 37, in test_eq\n    test(a,b,equals, cname='==')\n  File \"C:\\Users\\5115\\AppData\\Local\\miniconda3\\envs\\test_env\\lib\\site-packages\\fastcore\\test.py\", line 27, in test\n    assert cmp(a,b),f\"{cname}:\\n{a}\\n{b}\"\nAssertionError: ==:\n<class 'int'>\n<class 'float'>\n\n======================================================================\nFAIL: test_equality_fail (__main__.TestName)\n----------------------------------------------------------------------\nTraceback (most recent call last):\n  File \"C:\\Users\\5115\\AppData\\Local\\Temp\\ipykernel_20628\\52876440.py\", line 32, in test_equality_fail\n    test(add(1,3),add(3,2), operator.eq)\n  File \"C:\\Users\\5115\\AppData\\Local\\miniconda3\\envs\\test_env\\lib\\site-packages\\fastcore\\test.py\", line 27, in test\n    assert cmp(a,b),f\"{cname}:\\n{a}\\n{b}\"\nAssertionError: eq:\n4\n5\n\n======================================================================\nFAIL: test_fail_lambda_fail (__main__.TestName)\n----------------------------------------------------------------------\nTraceback (most recent call last):\n  File \"C:\\Users\\5115\\AppData\\Local\\Temp\\ipykernel_20628\\52876440.py\", line 17, in test_fail_lambda_fail\n    test_fail(lambda: test(add(1,3),add(2,2), operator.eq))\n  File \"C:\\Users\\5115\\AppData\\Local\\miniconda3\\envs\\test_env\\lib\\site-packages\\fastcore\\test.py\", line 21, in test_fail\n    assert False,f\"Expected exception but none raised. {msg}\"\nAssertionError: Expected exception but none raised. \n\n======================================================================\nFAIL: test_same_fail (__main__.TestName)\n----------------------------------------------------------------------\nTraceback (most recent call last):\n  File \"C:\\Users\\5115\\AppData\\Local\\Temp\\ipykernel_20628\\52876440.py\", line 29, in test_same_fail\n    test_is(subtract(1,3),subtract(3,7))\n  File \"C:\\Users\\5115\\AppData\\Local\\miniconda3\\envs\\test_env\\lib\\site-packages\\fastcore\\test.py\", line 68, in test_is\n    test(a,b,operator.is_, 'is')\n  File \"C:\\Users\\5115\\AppData\\Local\\miniconda3\\envs\\test_env\\lib\\site-packages\\fastcore\\test.py\", line 27, in test\n    assert cmp(a,b),f\"{cname}:\\n{a}\\n{b}\"\nAssertionError: is:\n-2\n-4\n\n----------------------------------------------------------------------\nRan 9 tests in 0.033s\n\nFAILED (failures=4, errors=1)\n\n\n\n\nTesting using pytest\n\ndef test_add():\n    assert add(1,3) == 4\n    \ndef test_subtract():\n    assert subtract(1,3) == 2\n    \ndef test_multiply():\n    assert multiply(1,3) == 3\n    \ndef test_divide():\n    assert divide(1,3) == 0.33\n\n.F..                                                                                         [100%]\n============================================ FAILURES =============================================\n__________________________________________ test_subtract __________________________________________\n\n    def test_subtract():\n>       assert subtract(1,3) == 2\nE       assert -2 == 2\nE        +  where -2 = subtract(1, 3)\n\nC:\\Users\\5115\\AppData\\Local\\Temp\\ipykernel_20628\\2678314103.py:5: AssertionError\n===================================== short test summary info =====================================\nFAILED t_bbf4078566044d6a9fd3395a9439b56e.py::test_subtract - assert -2 == 2\n1 failed, 3 passed in 0.04s"
  }
]